TN:
SF:config\database.js
FN:24,(anonymous_0)
FNF:1
FNH:0
FNDA:0,(anonymous_0)
DA:1,1
DA:2,1
DA:9,1
DA:22,1
DA:24,1
DA:25,0
DA:26,0
DA:29,1
LF:8
LH:6
BRDA:9,0,0,1
BRDA:9,0,1,0
BRDA:16,1,0,0
BRDA:16,1,1,0
BRF:4
BRH:1
end_of_record
TN:
SF:middleware\auth.js
FN:3,(anonymous_0)
FN:23,(anonymous_1)
FN:24,(anonymous_2)
FN:35,(anonymous_3)
FNF:4
FNH:4
FNDA:6,(anonymous_0)
FNDA:19,(anonymous_1)
FNDA:4,(anonymous_2)
FNDA:3,(anonymous_3)
DA:1,4
DA:3,4
DA:4,6
DA:5,6
DA:7,6
DA:8,2
DA:11,4
DA:12,4
DA:13,1
DA:14,1
DA:16,3
DA:17,1
DA:19,2
DA:23,4
DA:24,19
DA:25,4
DA:26,1
DA:28,3
DA:29,1
DA:31,2
DA:35,4
DA:36,3
DA:38,3
DA:39,6
DA:40,1
DA:44,2
DA:47,4
LF:27
LH:27
BRDA:5,0,0,6
BRDA:5,0,1,4
BRDA:7,1,0,2
BRDA:7,1,1,4
BRDA:16,2,0,1
BRDA:16,2,1,2
BRDA:25,3,0,1
BRDA:25,3,1,3
BRDA:28,4,0,1
BRDA:28,4,1,2
BRDA:39,5,0,1
BRDA:39,5,1,5
BRDA:39,6,0,6
BRDA:39,6,1,6
BRF:14
BRH:14
end_of_record
TN:
SF:routes\auth.js
FN:12,(anonymous_0)
FN:17,(anonymous_1)
FN:38,(anonymous_2)
FN:71,(anonymous_3)
FN:142,(anonymous_4)
FN:193,(anonymous_5)
FN:238,(anonymous_6)
FN:243,(anonymous_7)
FN:266,(anonymous_8)
FN:293,(anonymous_9)
FNF:10
FNH:3
FNDA:4,(anonymous_0)
FNDA:0,(anonymous_1)
FNDA:0,(anonymous_2)
FNDA:0,(anonymous_3)
FNDA:5,(anonymous_4)
FNDA:2,(anonymous_5)
FNDA:0,(anonymous_6)
FNDA:0,(anonymous_7)
FNDA:0,(anonymous_8)
FNDA:0,(anonymous_9)
DA:1,3
DA:2,3
DA:3,3
DA:4,3
DA:5,3
DA:6,3
DA:7,3
DA:8,3
DA:9,3
DA:12,3
DA:13,4
DA:14,4
DA:17,3
DA:19,0
DA:20,0
DA:24,3
DA:31,3
DA:38,3
DA:39,0
DA:45,0
DA:51,0
DA:55,3
DA:71,3
DA:72,0
DA:74,0
DA:75,0
DA:76,0
DA:81,0
DA:87,0
DA:90,0
DA:95,0
DA:96,0
DA:100,0
DA:103,0
DA:105,0
DA:110,0
DA:111,0
DA:113,0
DA:120,0
DA:131,0
DA:137,0
DA:142,3
DA:143,5
DA:144,5
DA:146,5
DA:147,1
DA:150,4
DA:151,2
DA:154,2
DA:159,2
DA:160,2
DA:163,0
DA:164,0
DA:166,0
DA:167,0
DA:170,0
DA:172,0
DA:183,0
DA:188,0
DA:193,3
DA:194,2
DA:195,2
DA:197,2
DA:198,1
DA:201,1
DA:202,1
DA:207,0
DA:212,0
DA:213,0
DA:216,0
DA:217,0
DA:219,0
DA:224,1
DA:227,0
DA:231,0
DA:238,3
DA:239,0
DA:243,3
DA:244,0
DA:245,0
DA:250,0
DA:251,0
DA:254,0
DA:256,0
DA:261,0
DA:266,3
DA:267,0
DA:268,0
DA:269,0
DA:272,0
DA:277,0
DA:278,0
DA:281,0
DA:283,0
DA:288,0
DA:293,3
DA:294,0
DA:295,0
DA:296,0
DA:299,0
DA:301,0
DA:312,0
DA:313,0
DA:316,0
DA:318,0
DA:319,0
DA:323,3
LF:107
LH:41
BRDA:14,0,0,4
BRDA:14,0,1,2
BRDA:47,1,0,0
BRDA:47,1,1,0
BRDA:75,2,0,0
BRDA:75,2,1,0
BRDA:95,3,0,0
BRDA:95,3,1,0
BRDA:146,4,0,1
BRDA:146,4,1,4
BRDA:146,5,0,5
BRDA:146,5,1,5
BRDA:150,6,0,2
BRDA:150,6,1,2
BRDA:159,7,0,2
BRDA:159,7,1,0
BRDA:166,8,0,0
BRDA:166,8,1,0
BRDA:197,9,0,1
BRDA:197,9,1,1
BRDA:204,10,0,1
BRDA:204,10,1,0
BRDA:212,11,0,0
BRDA:212,11,1,0
BRDA:250,12,0,0
BRDA:250,12,1,0
BRDA:268,13,0,0
BRDA:268,13,1,0
BRDA:277,14,0,0
BRDA:277,14,1,0
BRDA:295,15,0,0
BRDA:295,15,1,0
BRDA:309,16,0,0
BRDA:309,16,1,0
BRDA:309,17,0,0
BRDA:309,17,1,0
BRDA:309,18,0,0
BRDA:309,18,1,0
BRDA:309,19,0,0
BRDA:309,19,1,0
BRDA:312,20,0,0
BRDA:312,20,1,0
BRF:42
BRH:12
end_of_record
TN:
SF:routes\pharmacies.js
FN:7,(anonymous_0)
FNF:1
FNH:1
FNDA:3,(anonymous_0)
DA:1,3
DA:2,3
DA:3,3
DA:4,3
DA:7,3
DA:8,3
DA:9,3
DA:23,3
DA:25,0
DA:29,0
DA:33,3
LF:11
LH:9
BRF:0
BRH:0
end_of_record
TN:
SF:routes\products.js
FN:9,(anonymous_0)
FN:48,(anonymous_1)
FN:76,(anonymous_2)
FN:121,(anonymous_3)
FN:142,(anonymous_4)
FN:184,(anonymous_5)
FN:258,(anonymous_6)
FN:324,(anonymous_7)
FN:379,(anonymous_8)
FNF:9
FNH:2
FNDA:4,(anonymous_0)
FNDA:2,(anonymous_1)
FNDA:0,(anonymous_2)
FNDA:0,(anonymous_3)
FNDA:0,(anonymous_4)
FNDA:0,(anonymous_5)
FNDA:0,(anonymous_6)
FNDA:0,(anonymous_7)
FNDA:0,(anonymous_8)
DA:1,3
DA:2,3
DA:3,3
DA:4,3
DA:5,3
DA:6,3
DA:9,3
DA:10,4
DA:11,4
DA:13,4
DA:14,1
DA:17,3
DA:19,3
DA:36,2
DA:38,1
DA:43,1
DA:48,3
DA:49,2
DA:50,2
DA:65,2
DA:67,0
DA:71,0
DA:76,3
DA:77,0
DA:78,0
DA:80,0
DA:85,0
DA:86,0
DA:89,0
DA:106,0
DA:111,0
DA:116,0
DA:121,3
DA:122,0
DA:123,0
DA:134,0
DA:136,0
DA:137,0
DA:142,3
DA:143,0
DA:144,0
DA:149,0
DA:150,0
DA:153,0
DA:155,0
DA:172,0
DA:174,0
DA:179,0
DA:184,3
DA:185,0
DA:186,0
DA:188,0
DA:189,0
DA:192,0
DA:197,0
DA:198,0
DA:201,0
DA:204,0
DA:209,0
DA:210,0
DA:214,0
DA:219,0
DA:220,0
DA:223,0
DA:224,0
DA:230,0
DA:232,0
DA:238,0
DA:243,3
DA:258,3
DA:259,0
DA:261,0
DA:262,0
DA:263,0
DA:269,0
DA:275,0
DA:276,0
DA:278,0
DA:279,0
DA:282,0
DA:287,0
DA:288,0
DA:291,0
DA:293,0
DA:294,0
DA:295,0
DA:296,0
DA:297,0
DA:299,0
DA:300,0
DA:301,0
DA:302,0
DA:307,0
DA:308,0
DA:311,0
DA:313,0
DA:319,0
DA:324,3
DA:325,0
DA:326,0
DA:328,0
DA:333,0
DA:334,0
DA:337,0
DA:339,0
DA:344,0
DA:345,0
DA:348,0
DA:350,0
DA:356,0
DA:361,3
DA:379,3
DA:380,0
DA:382,0
DA:383,0
DA:384,0
DA:389,0
DA:395,0
DA:397,0
DA:398,0
DA:401,0
DA:407,0
DA:409,0
DA:415,0
DA:419,3
LF:125
LH:30
BRDA:13,0,0,1
BRDA:13,0,1,3
BRDA:13,1,0,4
BRDA:13,1,1,3
BRDA:85,2,0,0
BRDA:85,2,1,0
BRDA:149,3,0,0
BRDA:149,3,1,0
BRDA:188,4,0,0
BRDA:188,4,1,0
BRDA:188,5,0,0
BRDA:188,5,1,0
BRDA:188,5,2,0
BRDA:197,6,0,0
BRDA:197,6,1,0
BRDA:209,7,0,0
BRDA:209,7,1,0
BRDA:219,8,0,0
BRDA:219,8,1,0
BRDA:223,9,0,0
BRDA:223,9,1,0
BRDA:228,10,0,0
BRDA:228,10,1,0
BRDA:262,11,0,0
BRDA:262,11,1,0
BRDA:278,12,0,0
BRDA:278,12,1,0
BRDA:278,13,0,0
BRDA:278,13,1,0
BRDA:287,14,0,0
BRDA:287,14,1,0
BRDA:294,15,0,0
BRDA:294,15,1,0
BRDA:295,16,0,0
BRDA:295,16,1,0
BRDA:307,17,0,0
BRDA:307,17,1,0
BRDA:333,18,0,0
BRDA:333,18,1,0
BRDA:344,19,0,0
BRDA:344,19,1,0
BRDA:383,20,0,0
BRDA:383,20,1,0
BRDA:397,21,0,0
BRDA:397,21,1,0
BRDA:405,22,0,0
BRDA:405,22,1,0
BRDA:405,23,0,0
BRDA:405,23,1,0
BRF:49
BRH:4
end_of_record
